0 info it worked if it ends with ok
1 verbose cli [ '/usr/bin/nodejs', '/usr/bin/npm', 'install', '-g', 'gistup' ]
2 info using npm@2.15.11
3 info using node@v4.8.2
4 verbose install initial load of /usr/lib/package.json
5 verbose readDependencies loading dependencies from /usr/lib/package.json
6 silly cache add args [ 'gistup', null ]
7 verbose cache add spec gistup
8 silly cache add parsed spec Result {
8 silly cache add   raw: 'gistup',
8 silly cache add   scope: null,
8 silly cache add   name: 'gistup',
8 silly cache add   rawSpec: '',
8 silly cache add   spec: 'latest',
8 silly cache add   type: 'tag' }
9 silly addNamed gistup@latest
10 verbose addNamed "latest" is being treated as a dist-tag for gistup
11 info addNameTag [ 'gistup', 'latest' ]
12 silly mapToRegistry name gistup
13 silly mapToRegistry using default registry
14 silly mapToRegistry registry https://registry.npmjs.org/
15 silly mapToRegistry data Result {
15 silly mapToRegistry   raw: 'gistup',
15 silly mapToRegistry   scope: null,
15 silly mapToRegistry   name: 'gistup',
15 silly mapToRegistry   rawSpec: '',
15 silly mapToRegistry   spec: 'latest',
15 silly mapToRegistry   type: 'tag' }
16 silly mapToRegistry uri https://registry.npmjs.org/gistup
17 verbose addNameTag registry:https://registry.npmjs.org/gistup not in flight; fetching
18 verbose request uri https://registry.npmjs.org/gistup
19 verbose request no auth needed
20 info attempt registry request try #1 at 1:03:05 PM
21 verbose request id 9081c15604d4b86a
22 http request GET https://registry.npmjs.org/gistup
23 http 200 https://registry.npmjs.org/gistup
24 verbose headers { server: 'nginx/1.10.1',
24 verbose headers   'content-type': 'application/json',
24 verbose headers   'last-modified': 'Tue, 20 Dec 2016 02:15:12 GMT',
24 verbose headers   etag: 'W/"58589430-5230"',
24 verbose headers   'content-encoding': 'gzip',
24 verbose headers   'cache-control': 'max-age=300',
24 verbose headers   'content-length': '3250',
24 verbose headers   'accept-ranges': 'bytes',
24 verbose headers   date: 'Tue, 25 Apr 2017 20:03:06 GMT',
24 verbose headers   via: '1.1 varnish',
24 verbose headers   age: '0',
24 verbose headers   connection: 'keep-alive',
24 verbose headers   'x-served-by': 'cache-dfw1836-DFW',
24 verbose headers   'x-cache': 'MISS',
24 verbose headers   'x-cache-hits': '0',
24 verbose headers   'x-timer': 'S1493150586.226282,VS0,VE47',
24 verbose headers   vary: 'Accept-Encoding' }
25 silly get cb [ 200,
25 silly get   { server: 'nginx/1.10.1',
25 silly get     'content-type': 'application/json',
25 silly get     'last-modified': 'Tue, 20 Dec 2016 02:15:12 GMT',
25 silly get     etag: 'W/"58589430-5230"',
25 silly get     'content-encoding': 'gzip',
25 silly get     'cache-control': 'max-age=300',
25 silly get     'content-length': '3250',
25 silly get     'accept-ranges': 'bytes',
25 silly get     date: 'Tue, 25 Apr 2017 20:03:06 GMT',
25 silly get     via: '1.1 varnish',
25 silly get     age: '0',
25 silly get     connection: 'keep-alive',
25 silly get     'x-served-by': 'cache-dfw1836-DFW',
25 silly get     'x-cache': 'MISS',
25 silly get     'x-cache-hits': '0',
25 silly get     'x-timer': 'S1493150586.226282,VS0,VE47',
25 silly get     vary: 'Accept-Encoding' } ]
26 verbose get saving gistup to /home/anthony/.npm/registry.npmjs.org/gistup/.cache.json
27 verbose correctMkdir /home/anthony/.npm correctMkdir not in flight; initializing
28 silly addNameTag next cb for gistup with tag latest
29 silly addNamed gistup@0.1.3
30 verbose addNamed "0.1.3" is a plain semver version for gistup
31 silly mapToRegistry name gistup
32 silly mapToRegistry using default registry
33 silly mapToRegistry registry https://registry.npmjs.org/
34 silly mapToRegistry data Result {
34 silly mapToRegistry   raw: 'gistup',
34 silly mapToRegistry   scope: null,
34 silly mapToRegistry   name: 'gistup',
34 silly mapToRegistry   rawSpec: '',
34 silly mapToRegistry   spec: 'latest',
34 silly mapToRegistry   type: 'tag' }
35 silly mapToRegistry uri https://registry.npmjs.org/gistup
36 verbose addRemoteTarball https://registry.npmjs.org/gistup/-/gistup-0.1.3.tgz not in flight; adding
37 verbose addRemoteTarball [ 'https://registry.npmjs.org/gistup/-/gistup-0.1.3.tgz',
37 verbose addRemoteTarball   '2c1396b088363a5f75a194151635d04cc5ac426c' ]
38 info retry fetch attempt 1 at 1:03:06 PM
39 info attempt registry request try #1 at 1:03:06 PM
40 http fetch GET https://registry.npmjs.org/gistup/-/gistup-0.1.3.tgz
41 http fetch 200 https://registry.npmjs.org/gistup/-/gistup-0.1.3.tgz
42 silly fetchAndShaCheck shasum 2c1396b088363a5f75a194151635d04cc5ac426c
43 verbose addTmpTarball /tmp/npm-5864-cabb594d/registry.npmjs.org/gistup/-/gistup-0.1.3.tgz not in flight; adding
44 verbose addTmpTarball already have metadata; skipping unpack for gistup@0.1.3
45 verbose correctMkdir /home/anthony/.npm correctMkdir not in flight; initializing
46 silly cache afterAdd gistup@0.1.3
47 verbose afterAdd /home/anthony/.npm/gistup/0.1.3/package/package.json not in flight; writing
48 verbose correctMkdir /home/anthony/.npm correctMkdir not in flight; initializing
49 verbose afterAdd /home/anthony/.npm/gistup/0.1.3/package/package.json written
50 silly install resolved [ { name: 'gistup',
50 silly install resolved     version: '0.1.3',
50 silly install resolved     description: 'Initialize a gist from the command-line.',
50 silly install resolved     keywords: [ 'gist', 'github', 'git' ],
50 silly install resolved     author: { name: 'Mike Bostock', url: 'http://bost.ocks.org/mike' },
50 silly install resolved     repository:
50 silly install resolved      { type: 'git',
50 silly install resolved        url: 'git+https://github.com/mbostock/gistup.git' },
50 silly install resolved     dependencies: { optimist: '0.3', 'queue-async': '1' },
50 silly install resolved     bin:
50 silly install resolved      { gistup: './bin/gistup',
50 silly install resolved        'gistup-open': './bin/gistup-open',
50 silly install resolved        'gistup-rename': './bin/gistup-rename' },
50 silly install resolved     licenses: [ [Object] ],
50 silly install resolved     engines: { node: '>=0.10' },
50 silly install resolved     gitHead: '2eb0cc12951ec624a0a8ca6c9272d20ee82077e8',
50 silly install resolved     bugs: { url: 'https://github.com/mbostock/gistup/issues' },
50 silly install resolved     homepage: 'https://github.com/mbostock/gistup#readme',
50 silly install resolved     _id: 'gistup@0.1.3',
50 silly install resolved     scripts: {},
50 silly install resolved     _shasum: '2c1396b088363a5f75a194151635d04cc5ac426c',
50 silly install resolved     _from: 'gistup@latest',
50 silly install resolved     _npmVersion: '3.10.7',
50 silly install resolved     _nodeVersion: '6.6.0',
50 silly install resolved     _npmUser: { name: 'mbostock', email: 'mbostock@gmail.com' },
50 silly install resolved     maintainers: [ [Object] ],
50 silly install resolved     dist:
50 silly install resolved      { shasum: '2c1396b088363a5f75a194151635d04cc5ac426c',
50 silly install resolved        tarball: 'https://registry.npmjs.org/gistup/-/gistup-0.1.3.tgz' },
50 silly install resolved     _npmOperationalInternal:
50 silly install resolved      { host: 'packages-12-west.internal.npmjs.com',
50 silly install resolved        tmp: 'tmp/gistup-0.1.3.tgz_1474908990883_0.674419331131503' },
50 silly install resolved     directories: {},
50 silly install resolved     _resolved: 'https://registry.npmjs.org/gistup/-/gistup-0.1.3.tgz' } ]
51 info install gistup@0.1.3 into /usr/lib
52 info installOne gistup@0.1.3
53 verbose installOne of gistup to /usr/lib not in flight; installing
54 verbose correctMkdir /home/anthony/.npm/_locks correctMkdir not in flight; initializing
55 verbose lock using /home/anthony/.npm/_locks/gistup-a014888c212544bd.lock for /usr/lib/node_modules/gistup
56 silly install write writing gistup 0.1.3 to /usr/lib/node_modules/gistup
57 verbose unbuild lib/node_modules/gistup
58 silly gentlyRm /usr/lib/node_modules/gistup is being purged from base /usr
59 verbose gentlyRm don't care about contents; nuking /usr/lib/node_modules/gistup
60 verbose tar unpack /home/anthony/.npm/gistup/0.1.3/package.tgz
61 verbose tar unpacking to /usr/lib/node_modules/gistup
62 silly gentlyRm /usr/lib/node_modules/gistup is being purged
63 verbose gentlyRm don't care about contents; nuking /usr/lib/node_modules/gistup
64 silly gunzTarPerm modes [ '775', '664' ]
65 error tar.unpack untar error /home/anthony/.npm/gistup/0.1.3/package.tgz
66 verbose unlock done using /home/anthony/.npm/_locks/gistup-a014888c212544bd.lock for /usr/lib/node_modules/gistup
67 verbose fstream_path /usr/lib/node_modules/gistup
68 verbose fstream_type Directory
69 verbose fstream_class DirWriter
70 verbose stack Error: EACCES: permission denied, mkdir '/usr/lib/node_modules/gistup'
70 verbose stack     at Error (native)
71 verbose fstream_stack /usr/lib/node_modules/npm/node_modules/fstream/lib/dir-writer.js:35:25
71 verbose fstream_stack /usr/lib/node_modules/npm/node_modules/mkdirp/index.js:47:53
71 verbose fstream_stack FSReqWrap.oncomplete (fs.js:82:15)
72 verbose cwd /home/anthony/projects/ruby/gallery
73 error Linux 4.2.0-27-generic
74 error argv "/usr/bin/nodejs" "/usr/bin/npm" "install" "-g" "gistup"
75 error node v4.8.2
76 error npm  v2.15.11
77 error path /usr/lib/node_modules/gistup
78 error code EACCES
79 error errno -13
80 error syscall mkdir
81 error Error: EACCES: permission denied, mkdir '/usr/lib/node_modules/gistup'
81 error     at Error (native)
81 error  { [Error: EACCES: permission denied, mkdir '/usr/lib/node_modules/gistup']
81 error   errno: -13,
81 error   code: 'EACCES',
81 error   syscall: 'mkdir',
81 error   path: '/usr/lib/node_modules/gistup',
81 error   fstream_type: 'Directory',
81 error   fstream_path: '/usr/lib/node_modules/gistup',
81 error   fstream_class: 'DirWriter',
81 error   fstream_stack:
81 error    [ '/usr/lib/node_modules/npm/node_modules/fstream/lib/dir-writer.js:35:25',
81 error      '/usr/lib/node_modules/npm/node_modules/mkdirp/index.js:47:53',
81 error      'FSReqWrap.oncomplete (fs.js:82:15)' ] }
82 error Please try running this command again as root/Administrator.
83 verbose exit [ -13, true ]
84 verbose unbuild lib/node_modules/gistup
85 silly gentlyRm /usr/lib/node_modules/gistup is being purged from base /usr
86 verbose gentlyRm don't care about contents; nuking /usr/lib/node_modules/gistup
